[0m13:02:32.688903 [debug] [MainThread]: Sending event: {'category': 'dbt', 'action': 'invocation', 'label': 'start', 'context': [<snowplow_tracker.self_describing_json.SelfDescribingJson object at 0x0000027D29D5FF90>, <snowplow_tracker.self_describing_json.SelfDescribingJson object at 0x0000027D28A6E150>, <snowplow_tracker.self_describing_json.SelfDescribingJson object at 0x0000027D29D63FD0>]}


============================== 13:02:32.730299 | 8402f3b6-5988-41ce-a10c-8228634ae6d5 ==============================
[0m13:02:32.730299 [info ] [MainThread]: Running with dbt=1.8.3
[0m13:02:32.734939 [debug] [MainThread]: running dbt with arguments {'printer_width': '80', 'indirect_selection': 'eager', 'log_cache_events': 'False', 'write_json': 'True', 'partial_parse': 'True', 'cache_selected_only': 'False', 'warn_error': 'None', 'version_check': 'True', 'fail_fast': 'False', 'log_path': 'logs', 'debug': 'False', 'profiles_dir': 'C:\\Users\\Eandro\\.dbt', 'use_colors': 'True', 'use_experimental_parser': 'False', 'empty': 'None', 'quiet': 'False', 'no_print': 'None', 'log_format': 'default', 'static_parser': 'True', 'warn_error_options': 'WarnErrorOptions(include=[], exclude=[])', 'introspect': 'True', 'target_path': 'None', 'invocation_command': 'dbt init', 'send_anonymous_usage_stats': 'True'}
[0m13:02:38.883478 [debug] [MainThread]: Starter project path: C:\Users\Eandro\ETLCommoditiesDW\.venv\Lib\site-packages\dbt\include\starter_project
[0m13:02:39.102827 [info ] [MainThread]: 
Your new dbt project "dbsales_fz80" was created!

For more information on how to configure the profiles.yml file,
please consult the dbt documentation here:

  https://docs.getdbt.com/docs/configure-your-profile

One more thing:

Need help? Don't hesitate to reach out to us via GitHub issues or on Slack:

  https://community.getdbt.com/

Happy modeling!

[0m13:02:39.102827 [info ] [MainThread]: Setting up your profile.
[0m13:05:31.042427 [info ] [MainThread]: Profile dbsales_fz80 written to C:\Users\Eandro\.dbt\profiles.yml using target's profile_template.yml and your supplied values. Run 'dbt debug' to validate the connection.
[0m13:05:31.105390 [debug] [MainThread]: Command `dbt init` succeeded at 13:05:31.088402 after 179.18 seconds
[0m13:05:31.111389 [debug] [MainThread]: Sending event: {'category': 'dbt', 'action': 'invocation', 'label': 'end', 'context': [<snowplow_tracker.self_describing_json.SelfDescribingJson object at 0x0000027D2110D5D0>, <snowplow_tracker.self_describing_json.SelfDescribingJson object at 0x0000027D2110D710>, <snowplow_tracker.self_describing_json.SelfDescribingJson object at 0x0000027D2110D590>]}
[0m13:05:31.113387 [debug] [MainThread]: Flushing usage events
[0m13:09:34.571961 [debug] [MainThread]: Sending event: {'category': 'dbt', 'action': 'invocation', 'label': 'start', 'context': [<snowplow_tracker.self_describing_json.SelfDescribingJson object at 0x0000022948F54A10>, <snowplow_tracker.self_describing_json.SelfDescribingJson object at 0x0000022948F30390>, <snowplow_tracker.self_describing_json.SelfDescribingJson object at 0x0000022948F326D0>]}


============================== 13:09:34.662217 | 78286d91-ab0f-4a0b-9865-173f9c576b24 ==============================
[0m13:09:34.662217 [info ] [MainThread]: Running with dbt=1.8.3
[0m13:09:34.665828 [debug] [MainThread]: running dbt with arguments {'printer_width': '80', 'indirect_selection': 'eager', 'write_json': 'True', 'log_cache_events': 'False', 'partial_parse': 'True', 'cache_selected_only': 'False', 'profiles_dir': 'C:\\Users\\Eandro\\.dbt', 'debug': 'False', 'warn_error': 'None', 'log_path': 'logs', 'version_check': 'True', 'fail_fast': 'False', 'use_colors': 'True', 'use_experimental_parser': 'False', 'empty': 'None', 'quiet': 'False', 'no_print': 'None', 'warn_error_options': 'WarnErrorOptions(include=[], exclude=[])', 'invocation_command': 'dbt debug', 'static_parser': 'True', 'log_format': 'default', 'target_path': 'None', 'introspect': 'True', 'send_anonymous_usage_stats': 'True'}
[0m13:09:35.218364 [info ] [MainThread]: dbt version: 1.8.3
[0m13:09:35.221339 [info ] [MainThread]: python version: 3.11.7
[0m13:09:35.223911 [info ] [MainThread]: python path: C:\Users\Eandro\ETLCommoditiesDW\.venv\Scripts\python.exe
[0m13:09:35.225909 [info ] [MainThread]: os info: Windows-10-10.0.19045-SP0
[0m13:09:36.138227 [info ] [MainThread]: Using profiles dir at C:\Users\Eandro\.dbt
[0m13:09:36.141717 [info ] [MainThread]: Using profiles.yml file at C:\Users\Eandro\.dbt\profiles.yml
[0m13:09:36.143716 [info ] [MainThread]: Using dbt_project.yml file at C:\Users\Eandro\ETLCommoditiesDW\dbt_project.yml
[0m13:09:36.153710 [info ] [MainThread]: adapter type: postgres
[0m13:09:36.159707 [info ] [MainThread]: adapter version: 1.8.2
[0m13:09:36.169702 [info ] [MainThread]: Configuration:
[0m13:09:36.173603 [info ] [MainThread]:   profiles.yml file [[32mOK found and valid[0m]
[0m13:09:36.177306 [info ] [MainThread]:   dbt_project.yml file [[31mERROR not found[0m]
[0m13:09:36.180306 [info ] [MainThread]: Required dependencies:
[0m13:09:36.182305 [debug] [MainThread]: Executing "git --help"
[0m13:09:36.739916 [debug] [MainThread]: STDOUT: "b"usage: git [-v | --version] [-h | --help] [-C <path>] [-c <name>=<value>]\n           [--exec-path[=<path>]] [--html-path] [--man-path] [--info-path]\n           [-p | --paginate | -P | --no-pager] [--no-replace-objects] [--bare]\n           [--git-dir=<path>] [--work-tree=<path>] [--namespace=<name>]\n           [--config-env=<name>=<envvar>] <command> [<args>]\n\nThese are common Git commands used in various situations:\n\nstart a working area (see also: git help tutorial)\n   clone     Clone a repository into a new directory\n   init      Create an empty Git repository or reinitialize an existing one\n\nwork on the current change (see also: git help everyday)\n   add       Add file contents to the index\n   mv        Move or rename a file, a directory, or a symlink\n   restore   Restore working tree files\n   rm        Remove files from the working tree and from the index\n\nexamine the history and state (see also: git help revisions)\n   bisect    Use binary search to find the commit that introduced a bug\n   diff      Show changes between commits, commit and working tree, etc\n   grep      Print lines matching a pattern\n   log       Show commit logs\n   show      Show various types of objects\n   status    Show the working tree status\n\ngrow, mark and tweak your common history\n   branch    List, create, or delete branches\n   commit    Record changes to the repository\n   merge     Join two or more development histories together\n   rebase    Reapply commits on top of another base tip\n   reset     Reset current HEAD to the specified state\n   switch    Switch branches\n   tag       Create, list, delete or verify a tag object signed with GPG\n\ncollaborate (see also: git help workflows)\n   fetch     Download objects and refs from another repository\n   pull      Fetch from and integrate with another repository or a local branch\n   push      Update remote refs along with associated objects\n\n'git help -a' and 'git help -g' list available subcommands and some\nconcept guides. See 'git help <command>' or 'git help <concept>'\nto read about a specific subcommand or concept.\nSee 'git help git' for an overview of the system.\n""
[0m13:09:36.742916 [debug] [MainThread]: STDERR: "b''"
[0m13:09:36.744378 [info ] [MainThread]:  - git [[32mOK found[0m]

[0m13:09:36.747356 [info ] [MainThread]: Connection:
[0m13:09:36.749354 [info ] [MainThread]:   host: dpg-cpqqd2bv2p9s73dob5vg-a.oregon-postgres.render.com
[0m13:09:36.751352 [info ] [MainThread]:   port: 5432
[0m13:09:36.755350 [info ] [MainThread]:   user: postgres123
[0m13:09:36.759347 [info ] [MainThread]:   database: dbsales_fz80
[0m13:09:36.770343 [info ] [MainThread]:   schema: public
[0m13:09:36.774339 [info ] [MainThread]:   connect_timeout: 10
[0m13:09:36.777338 [info ] [MainThread]:   role: None
[0m13:09:36.781336 [info ] [MainThread]:   search_path: None
[0m13:09:36.786334 [info ] [MainThread]:   keepalives_idle: 0
[0m13:09:36.797326 [info ] [MainThread]:   sslmode: None
[0m13:09:36.809320 [info ] [MainThread]:   sslcert: None
[0m13:09:36.811319 [info ] [MainThread]:   sslkey: None
[0m13:09:36.813317 [info ] [MainThread]:   sslrootcert: None
[0m13:09:36.820315 [info ] [MainThread]:   application_name: dbt
[0m13:09:36.824311 [info ] [MainThread]:   retries: 1
[0m13:09:36.832307 [info ] [MainThread]: Registered adapter: postgres=1.8.2
[0m13:09:36.842300 [debug] [MainThread]: Acquiring new postgres connection 'debug'
[0m13:09:40.637651 [debug] [MainThread]: Using postgres connection "debug"
[0m13:09:40.638651 [debug] [MainThread]: On debug: select 1 as id
[0m13:09:40.640651 [debug] [MainThread]: Opening a new connection, currently in state init
[0m13:09:43.154205 [debug] [MainThread]: SQL status: SELECT 1 in 3.0 seconds
[0m13:09:43.159211 [debug] [MainThread]: On debug: Close
[0m13:09:43.162494 [info ] [MainThread]:   Connection test: [[32mOK connection ok[0m]

[0m13:09:43.167493 [info ] [MainThread]: [31m1 check failed:[0m
[0m13:09:43.170536 [info ] [MainThread]: Project loading failed for the following reason:
 project path <C:\Users\Eandro\ETLCommoditiesDW\dbt_project.yml> not found

[0m13:09:43.195918 [debug] [MainThread]: Command `dbt debug` failed at 13:09:43.178160 after 11.01 seconds
[0m13:09:43.196925 [debug] [MainThread]: Connection 'debug' was properly closed.
[0m13:09:43.198922 [debug] [MainThread]: Sending event: {'category': 'dbt', 'action': 'invocation', 'label': 'end', 'context': [<snowplow_tracker.self_describing_json.SelfDescribingJson object at 0x0000022948F32310>, <snowplow_tracker.self_describing_json.SelfDescribingJson object at 0x0000022948FD1350>, <snowplow_tracker.self_describing_json.SelfDescribingJson object at 0x000002294033D710>]}
[0m13:09:43.200922 [debug] [MainThread]: Flushing usage events
[0m13:11:05.148777 [debug] [MainThread]: Sending event: {'category': 'dbt', 'action': 'invocation', 'label': 'start', 'context': [<snowplow_tracker.self_describing_json.SelfDescribingJson object at 0x0000018E4951EAD0>, <snowplow_tracker.self_describing_json.SelfDescribingJson object at 0x0000018E49562990>, <snowplow_tracker.self_describing_json.SelfDescribingJson object at 0x0000018E49561190>]}


============================== 13:11:05.168533 | 4f3c77a8-d9f3-47b3-a217-107c403bc831 ==============================
[0m13:11:05.168533 [info ] [MainThread]: Running with dbt=1.8.3
[0m13:11:05.171404 [debug] [MainThread]: running dbt with arguments {'printer_width': '80', 'indirect_selection': 'eager', 'log_cache_events': 'False', 'write_json': 'True', 'partial_parse': 'True', 'cache_selected_only': 'False', 'profiles_dir': 'C:\\Users\\Eandro\\.dbt', 'version_check': 'True', 'warn_error': 'None', 'log_path': 'C:\\Users\\Eandro\\ETLCommoditiesDW\\logs', 'fail_fast': 'False', 'debug': 'False', 'use_colors': 'True', 'use_experimental_parser': 'False', 'empty': 'None', 'quiet': 'False', 'no_print': 'None', 'log_format': 'default', 'introspect': 'True', 'warn_error_options': 'WarnErrorOptions(include=[], exclude=[])', 'invocation_command': 'dbt debug', 'target_path': 'None', 'static_parser': 'True', 'send_anonymous_usage_stats': 'True'}
[0m13:11:05.224568 [info ] [MainThread]: dbt version: 1.8.3
[0m13:11:05.224568 [info ] [MainThread]: python version: 3.11.7
[0m13:11:05.271098 [info ] [MainThread]: python path: C:\Users\Eandro\ETLCommoditiesDW\.venv\Scripts\python.exe
[0m13:11:05.280931 [info ] [MainThread]: os info: Windows-10-10.0.19045-SP0
[0m13:11:05.547880 [info ] [MainThread]: Using profiles dir at C:\Users\Eandro\.dbt
[0m13:11:05.566813 [info ] [MainThread]: Using profiles.yml file at C:\Users\Eandro\.dbt\profiles.yml
[0m13:11:05.573038 [info ] [MainThread]: Using dbt_project.yml file at C:\Users\Eandro\ETLCommoditiesDW\dbt_project.yml
[0m13:11:05.577037 [info ] [MainThread]: adapter type: postgres
[0m13:11:05.584713 [info ] [MainThread]: adapter version: 1.8.2
[0m13:11:05.957909 [info ] [MainThread]: Configuration:
[0m13:11:05.960907 [info ] [MainThread]:   profiles.yml file [[32mOK found and valid[0m]
[0m13:11:05.963940 [info ] [MainThread]:   dbt_project.yml file [[32mOK found and valid[0m]
[0m13:11:05.967378 [info ] [MainThread]: Required dependencies:
[0m13:11:05.971916 [debug] [MainThread]: Executing "git --help"
[0m13:11:06.195784 [debug] [MainThread]: STDOUT: "b"usage: git [-v | --version] [-h | --help] [-C <path>] [-c <name>=<value>]\n           [--exec-path[=<path>]] [--html-path] [--man-path] [--info-path]\n           [-p | --paginate | -P | --no-pager] [--no-replace-objects] [--bare]\n           [--git-dir=<path>] [--work-tree=<path>] [--namespace=<name>]\n           [--config-env=<name>=<envvar>] <command> [<args>]\n\nThese are common Git commands used in various situations:\n\nstart a working area (see also: git help tutorial)\n   clone     Clone a repository into a new directory\n   init      Create an empty Git repository or reinitialize an existing one\n\nwork on the current change (see also: git help everyday)\n   add       Add file contents to the index\n   mv        Move or rename a file, a directory, or a symlink\n   restore   Restore working tree files\n   rm        Remove files from the working tree and from the index\n\nexamine the history and state (see also: git help revisions)\n   bisect    Use binary search to find the commit that introduced a bug\n   diff      Show changes between commits, commit and working tree, etc\n   grep      Print lines matching a pattern\n   log       Show commit logs\n   show      Show various types of objects\n   status    Show the working tree status\n\ngrow, mark and tweak your common history\n   branch    List, create, or delete branches\n   commit    Record changes to the repository\n   merge     Join two or more development histories together\n   rebase    Reapply commits on top of another base tip\n   reset     Reset current HEAD to the specified state\n   switch    Switch branches\n   tag       Create, list, delete or verify a tag object signed with GPG\n\ncollaborate (see also: git help workflows)\n   fetch     Download objects and refs from another repository\n   pull      Fetch from and integrate with another repository or a local branch\n   push      Update remote refs along with associated objects\n\n'git help -a' and 'git help -g' list available subcommands and some\nconcept guides. See 'git help <command>' or 'git help <concept>'\nto read about a specific subcommand or concept.\nSee 'git help git' for an overview of the system.\n""
[0m13:11:06.195784 [debug] [MainThread]: STDERR: "b''"
[0m13:11:06.195784 [info ] [MainThread]:  - git [[32mOK found[0m]

[0m13:11:06.195784 [info ] [MainThread]: Connection:
[0m13:11:06.195784 [info ] [MainThread]:   host: dpg-cpqqd2bv2p9s73dob5vg-a.oregon-postgres.render.com
[0m13:11:06.212639 [info ] [MainThread]:   port: 5432
[0m13:11:06.214792 [info ] [MainThread]:   user: postgres123
[0m13:11:06.214792 [info ] [MainThread]:   database: dbsales_fz80
[0m13:11:06.214792 [info ] [MainThread]:   schema: public
[0m13:11:06.238384 [info ] [MainThread]:   connect_timeout: 10
[0m13:11:06.253990 [info ] [MainThread]:   role: None
[0m13:11:06.255988 [info ] [MainThread]:   search_path: None
[0m13:11:06.259029 [info ] [MainThread]:   keepalives_idle: 0
[0m13:11:06.267156 [info ] [MainThread]:   sslmode: None
[0m13:11:06.276745 [info ] [MainThread]:   sslcert: None
[0m13:11:06.282604 [info ] [MainThread]:   sslkey: None
[0m13:11:06.285599 [info ] [MainThread]:   sslrootcert: None
[0m13:11:06.289226 [info ] [MainThread]:   application_name: dbt
[0m13:11:06.300429 [info ] [MainThread]:   retries: 1
[0m13:11:06.300429 [info ] [MainThread]: Registered adapter: postgres=1.8.2
[0m13:11:06.300429 [debug] [MainThread]: Acquiring new postgres connection 'debug'
[0m13:11:06.540627 [debug] [MainThread]: Using postgres connection "debug"
[0m13:11:06.540627 [debug] [MainThread]: On debug: select 1 as id
[0m13:11:06.540627 [debug] [MainThread]: Opening a new connection, currently in state init
[0m13:11:08.424438 [debug] [MainThread]: SQL status: SELECT 1 in 2.0 seconds
[0m13:11:08.424438 [debug] [MainThread]: On debug: Close
[0m13:11:08.424438 [info ] [MainThread]:   Connection test: [[32mOK connection ok[0m]

[0m13:11:08.424438 [info ] [MainThread]: [32mAll checks passed![0m
[0m13:11:08.424438 [debug] [MainThread]: Command `dbt debug` succeeded at 13:11:08.424438 after 3.86 seconds
[0m13:11:08.440060 [debug] [MainThread]: Connection 'debug' was properly closed.
[0m13:11:08.440060 [debug] [MainThread]: Sending event: {'category': 'dbt', 'action': 'invocation', 'label': 'end', 'context': [<snowplow_tracker.self_describing_json.SelfDescribingJson object at 0x0000018E40C8EA50>, <snowplow_tracker.self_describing_json.SelfDescribingJson object at 0x0000018E409DD710>, <snowplow_tracker.self_describing_json.SelfDescribingJson object at 0x0000018E409DC9D0>]}
[0m13:11:08.440060 [debug] [MainThread]: Flushing usage events
